<?xml version="1.0" encoding="utf-8" standalone="no"?>
<!--This file represents the results of running a test suite-->
<test-results name="C:\Users\s.chyshkala\Desktop\calculator_tp_lab_1\CalcTests\bin\Release\CalcTests.dll" total="15" errors="0" failures="0" not-run="0" inconclusive="0" ignored="0" skipped="0" invalid="0" date="2018-06-27" time="00:56:08">
  <environment nunit-version="2.6.4.14350" clr-version="2.0.50727.8830" os-version="Microsoft Windows NT 6.2.9200.0" platform="Win32NT" cwd="C:\Users\s.chyshkala\Desktop\calculator_tp_lab_1\CalcTests\bin\Release" machine-name="DESKTOP-4E05INC" user="s.chyshkala" user-domain="DESKTOP-4E05INC" />
  <culture-info current-culture="ru-RU" current-uiculture="ru-RU" />
  <test-suite type="Assembly" name="C:\Users\s.chyshkala\Desktop\calculator_tp_lab_1\CalcTests\bin\Release\CalcTests.dll" executed="True" result="Success" success="True" time="0.333" asserts="0">
    <results>
      <test-suite type="Namespace" name="CalcTests" executed="True" result="Success" success="True" time="0.311" asserts="0">
        <results>
          <test-suite type="TestFixture" name="Tests" executed="True" result="Success" success="True" time="0.308" asserts="0">
            <results>
              <test-case name="CalcTests.Tests.Test1" executed="True" result="Success" success="True" time="0.143" asserts="1" />
              <test-case name="CalcTests.Tests.Test11" executed="True" result="Success" success="True" time="0.001" asserts="1" />
              <test-case name="CalcTests.Tests.Test2" executed="True" result="Success" success="True" time="0.001" asserts="1" />
              <test-case name="CalcTests.Tests.Test22" executed="True" result="Success" success="True" time="0.001" asserts="1" />
              <test-case name="CalcTests.Tests.Test3" executed="True" result="Success" success="True" time="0.001" asserts="1" />
              <test-case name="CalcTests.Tests.Test33" executed="True" result="Success" success="True" time="0.001" asserts="1" />
              <test-case name="CalcTests.Tests.Test4" executed="True" result="Success" success="True" time="0.001" asserts="1" />
              <test-case name="CalcTests.Tests.Test44" executed="True" result="Success" success="True" time="0.001" asserts="1" />
              <test-case name="CalcTests.Tests.Test5" executed="True" result="Success" success="True" time="0.002" asserts="1" />
              <test-case name="CalcTests.Tests.Test6" executed="True" result="Success" success="True" time="0.001" asserts="1" />
              <test-case name="CalcTests.Tests.Test66" executed="True" result="Success" success="True" time="0.001" asserts="1" />
              <test-case name="CalcTests.Tests.Test7" executed="True" result="Success" success="True" time="0.001" asserts="1" />
              <test-case name="CalcTests.Tests.Test77" executed="True" result="Success" success="True" time="0.001" asserts="1" />
              <test-case name="CalcTests.Tests.Test8" executed="True" result="Success" success="True" time="0.001" asserts="1" />
              <test-case name="CalcTests.Tests.Test88" executed="True" result="Success" success="True" time="0.001" asserts="1" />
            </results>
          </test-suite>
        </results>
      </test-suite>
    </results>
  </test-suite>
</test-results>